<?xml version="1.0" encoding="UTF-8"?>
<!-- Generated by org.testng.reporters.JUnitReportReporter -->
<testsuite hostname="LAPTOP-CNE7O3TI" failures="0" tests="1" name="TestCases.LoginButton" time="9.093" errors="0" timestamp="2022-10-06T16:31:23 IST" skipped="0">
  <testcase classname="TestCases.LoginButton" name="validateLoginBtn" time="9.093"/>
  <system-out/>
</testsuite> <!-- TestCases.LoginButton -->
