<?xml version="1.0" encoding="UTF-8"?>
<!-- Generated by org.testng.reporters.JUnitReportReporter -->
<testsuite hostname="LAPTOP-CNE7O3TI" failures="0" tests="1" name="TestCases.LandingPage_dropdown" time="7.245" errors="0" timestamp="2022-10-06T16:16:33 IST" skipped="0">
  <testcase classname="TestCases.LandingPage_dropdown" name="validateDropdown" time="7.245"/>
  <system-out/>
</testsuite> <!-- TestCases.LandingPage_dropdown -->
